Classic Timing Analyzer report for au
Mon Nov 25 22:32:31 2024
Quartus II Version 9.0 Build 184 04/29/2009 Service Pack 1 SJ Web Edition


---------------------
; Table of Contents ;
---------------------
  1. Legal Notice
  2. Timing Analyzer Summary
  3. Timing Analyzer Settings
  4. Parallel Compilation
  5. tpd
  6. Timing Analyzer Messages



----------------
; Legal Notice ;
----------------
Copyright (C) 1991-2009 Altera Corporation
Your use of Altera Corporation's design tools, logic functions 
and other software and tools, and its AMPP partner logic 
functions, and any output files from any of the foregoing 
(including device programming or simulation files), and any 
associated documentation or information are expressly subject 
to the terms and conditions of the Altera Program License 
Subscription Agreement, Altera MegaCore Function License 
Agreement, or other applicable license agreement, including, 
without limitation, that your use is for the sole purpose of 
programming logic devices manufactured by Altera and sold by 
Altera or its authorized distributors.  Please refer to the 
applicable agreement for further details.



+--------------------------------------------------------------------------------------------------------------------------+
; Timing Analyzer Summary                                                                                                  ;
+------------------------------+-------+---------------+-------------+-------+------+------------+----------+--------------+
; Type                         ; Slack ; Required Time ; Actual Time ; From  ; To   ; From Clock ; To Clock ; Failed Paths ;
+------------------------------+-------+---------------+-------------+-------+------+------------+----------+--------------+
; Worst-case tpd               ; N/A   ; None          ; 19.126 ns   ; ac[2] ; t[2] ; --         ; --       ; 0            ;
; Total number of failed paths ;       ;               ;             ;       ;      ;            ;          ; 0            ;
+------------------------------+-------+---------------+-------------+-------+------+------------+----------+--------------+


+--------------------------------------------------------------------------------------------------------------------+
; Timing Analyzer Settings                                                                                           ;
+---------------------------------------------------------------------+--------------------+------+----+-------------+
; Option                                                              ; Setting            ; From ; To ; Entity Name ;
+---------------------------------------------------------------------+--------------------+------+----+-------------+
; Device Name                                                         ; EP2C5T144C8        ;      ;    ;             ;
; Timing Models                                                       ; Final              ;      ;    ;             ;
; Default hold multicycle                                             ; Same as Multicycle ;      ;    ;             ;
; Cut paths between unrelated clock domains                           ; On                 ;      ;    ;             ;
; Cut off read during write signal paths                              ; On                 ;      ;    ;             ;
; Cut off feedback from I/O pins                                      ; On                 ;      ;    ;             ;
; Report Combined Fast/Slow Timing                                    ; Off                ;      ;    ;             ;
; Ignore Clock Settings                                               ; Off                ;      ;    ;             ;
; Analyze latches as synchronous elements                             ; On                 ;      ;    ;             ;
; Enable Recovery/Removal analysis                                    ; Off                ;      ;    ;             ;
; Enable Clock Latency                                                ; Off                ;      ;    ;             ;
; Use TimeQuest Timing Analyzer                                       ; Off                ;      ;    ;             ;
; Minimum Core Junction Temperature                                   ; 0                  ;      ;    ;             ;
; Maximum Core Junction Temperature                                   ; 85                 ;      ;    ;             ;
; Number of source nodes to report per destination node               ; 10                 ;      ;    ;             ;
; Number of destination nodes to report                               ; 10                 ;      ;    ;             ;
; Number of paths to report                                           ; 200                ;      ;    ;             ;
; Report Minimum Timing Checks                                        ; Off                ;      ;    ;             ;
; Use Fast Timing Models                                              ; Off                ;      ;    ;             ;
; Report IO Paths Separately                                          ; Off                ;      ;    ;             ;
; Perform Multicorner Analysis                                        ; On                 ;      ;    ;             ;
; Reports the worst-case path for each clock domain and analysis      ; Off                ;      ;    ;             ;
; Removes common clock path pessimism (CCPP) during slack computation ; Off                ;      ;    ;             ;
; Output I/O Timing Endpoint                                          ; Near End           ;      ;    ;             ;
+---------------------------------------------------------------------+--------------------+------+----+-------------+


Parallel compilation was disabled, but you have multiple processors available. Enable parallel compilation to reduce compilation time.
+-------------------------------------+
; Parallel Compilation                ;
+----------------------------+--------+
; Processors                 ; Number ;
+----------------------------+--------+
; Number detected on machine ; 16     ;
; Maximum allowed            ; 1      ;
+----------------------------+--------+


+------------------------------------------------------------+
; tpd                                                        ;
+-------+-------------------+-----------------+-------+------+
; Slack ; Required P2P Time ; Actual P2P Time ; From  ; To   ;
+-------+-------------------+-----------------+-------+------+
; N/A   ; None              ; 19.126 ns       ; ac[2] ; t[2] ;
; N/A   ; None              ; 18.795 ns       ; ac[2] ; t[6] ;
; N/A   ; None              ; 18.453 ns       ; ac[2] ; t[0] ;
; N/A   ; None              ; 18.400 ns       ; ac[2] ; t[3] ;
; N/A   ; None              ; 18.392 ns       ; ac[2] ; t[1] ;
; N/A   ; None              ; 18.289 ns       ; ac[0] ; t[2] ;
; N/A   ; None              ; 18.132 ns       ; ac[2] ; t[5] ;
; N/A   ; None              ; 18.127 ns       ; ac[3] ; t[2] ;
; N/A   ; None              ; 17.959 ns       ; ac[1] ; t[2] ;
; N/A   ; None              ; 17.958 ns       ; ac[0] ; t[6] ;
; N/A   ; None              ; 17.944 ns       ; ac[2] ; t[7] ;
; N/A   ; None              ; 17.796 ns       ; ac[3] ; t[6] ;
; N/A   ; None              ; 17.628 ns       ; ac[1] ; t[6] ;
; N/A   ; None              ; 17.616 ns       ; ac[0] ; t[0] ;
; N/A   ; None              ; 17.604 ns       ; ac[2] ; t[4] ;
; N/A   ; None              ; 17.563 ns       ; ac[0] ; t[3] ;
; N/A   ; None              ; 17.555 ns       ; ac[0] ; t[1] ;
; N/A   ; None              ; 17.454 ns       ; ac[3] ; t[0] ;
; N/A   ; None              ; 17.401 ns       ; ac[3] ; t[3] ;
; N/A   ; None              ; 17.393 ns       ; ac[3] ; t[1] ;
; N/A   ; None              ; 17.295 ns       ; ac[0] ; t[5] ;
; N/A   ; None              ; 17.286 ns       ; ac[1] ; t[0] ;
; N/A   ; None              ; 17.233 ns       ; ac[1] ; t[3] ;
; N/A   ; None              ; 17.225 ns       ; ac[1] ; t[1] ;
; N/A   ; None              ; 17.217 ns       ; a[1]  ; gf   ;
; N/A   ; None              ; 17.168 ns       ; b[3]  ; t[6] ;
; N/A   ; None              ; 17.133 ns       ; ac[3] ; t[5] ;
; N/A   ; None              ; 17.107 ns       ; ac[0] ; t[7] ;
; N/A   ; None              ; 16.965 ns       ; ac[1] ; t[5] ;
; N/A   ; None              ; 16.945 ns       ; ac[3] ; t[7] ;
; N/A   ; None              ; 16.892 ns       ; a[2]  ; gf   ;
; N/A   ; None              ; 16.823 ns       ; b[4]  ; t[6] ;
; N/A   ; None              ; 16.777 ns       ; ac[1] ; t[7] ;
; N/A   ; None              ; 16.767 ns       ; ac[0] ; t[4] ;
; N/A   ; None              ; 16.658 ns       ; b[4]  ; gf   ;
; N/A   ; None              ; 16.605 ns       ; ac[3] ; t[4] ;
; N/A   ; None              ; 16.575 ns       ; b[5]  ; t[6] ;
; N/A   ; None              ; 16.517 ns       ; b[3]  ; t[3] ;
; N/A   ; None              ; 16.512 ns       ; b[0]  ; t[2] ;
; N/A   ; None              ; 16.506 ns       ; a[4]  ; gf   ;
; N/A   ; None              ; 16.505 ns       ; b[3]  ; t[5] ;
; N/A   ; None              ; 16.503 ns       ; b[1]  ; t[2] ;
; N/A   ; None              ; 16.477 ns       ; b[5]  ; gf   ;
; N/A   ; None              ; 16.450 ns       ; a[1]  ; t[2] ;
; N/A   ; None              ; 16.437 ns       ; ac[1] ; t[4] ;
; N/A   ; None              ; 16.398 ns       ; a[0]  ; gf   ;
; N/A   ; None              ; 16.334 ns       ; b[3]  ; gf   ;
; N/A   ; None              ; 16.324 ns       ; b[2]  ; t[2] ;
; N/A   ; None              ; 16.317 ns       ; b[3]  ; t[7] ;
; N/A   ; None              ; 16.244 ns       ; b[2]  ; t[6] ;
; N/A   ; None              ; 16.238 ns       ; b[0]  ; gf   ;
; N/A   ; None              ; 16.162 ns       ; a[6]  ; gf   ;
; N/A   ; None              ; 16.160 ns       ; b[4]  ; t[5] ;
; N/A   ; None              ; 16.108 ns       ; b[6]  ; gf   ;
; N/A   ; None              ; 16.042 ns       ; b[0]  ; t[6] ;
; N/A   ; None              ; 16.033 ns       ; b[1]  ; t[6] ;
; N/A   ; None              ; 16.027 ns       ; a[2]  ; t[2] ;
; N/A   ; None              ; 15.988 ns       ; b[2]  ; t[3] ;
; N/A   ; None              ; 15.980 ns       ; a[1]  ; t[6] ;
; N/A   ; None              ; 15.977 ns       ; b[3]  ; t[4] ;
; N/A   ; None              ; 15.972 ns       ; b[4]  ; t[7] ;
; N/A   ; None              ; 15.957 ns       ; a[0]  ; t[2] ;
; N/A   ; None              ; 15.950 ns       ; a[2]  ; t[6] ;
; N/A   ; None              ; 15.886 ns       ; b[1]  ; gf   ;
; N/A   ; None              ; 15.839 ns       ; b[0]  ; t[0] ;
; N/A   ; None              ; 15.786 ns       ; b[0]  ; t[3] ;
; N/A   ; None              ; 15.778 ns       ; b[0]  ; t[1] ;
; N/A   ; None              ; 15.777 ns       ; b[1]  ; t[3] ;
; N/A   ; None              ; 15.749 ns       ; b[2]  ; gf   ;
; N/A   ; None              ; 15.724 ns       ; b[5]  ; t[7] ;
; N/A   ; None              ; 15.724 ns       ; a[1]  ; t[3] ;
; N/A   ; None              ; 15.698 ns       ; a[3]  ; gf   ;
; N/A   ; None              ; 15.694 ns       ; a[2]  ; t[3] ;
; N/A   ; None              ; 15.674 ns       ; a[4]  ; t[6] ;
; N/A   ; None              ; 15.596 ns       ; b[6]  ; t[6] ;
; N/A   ; None              ; 15.581 ns       ; b[2]  ; t[5] ;
; N/A   ; None              ; 15.568 ns       ; a[7]  ; gf   ;
; N/A   ; None              ; 15.524 ns       ; a[5]  ; gf   ;
; N/A   ; None              ; 15.517 ns       ; b[5]  ; t[5] ;
; N/A   ; None              ; 15.487 ns       ; a[0]  ; t[6] ;
; N/A   ; None              ; 15.410 ns       ; ac[2] ; gf   ;
; N/A   ; None              ; 15.393 ns       ; b[2]  ; t[7] ;
; N/A   ; None              ; 15.379 ns       ; b[0]  ; t[5] ;
; N/A   ; None              ; 15.374 ns       ; b[1]  ; t[1] ;
; N/A   ; None              ; 15.370 ns       ; b[1]  ; t[5] ;
; N/A   ; None              ; 15.348 ns       ; b[7]  ; gf   ;
; N/A   ; None              ; 15.323 ns       ; a[1]  ; t[1] ;
; N/A   ; None              ; 15.317 ns       ; a[1]  ; t[5] ;
; N/A   ; None              ; 15.287 ns       ; a[2]  ; t[5] ;
; N/A   ; None              ; 15.281 ns       ; a[0]  ; t[0] ;
; N/A   ; None              ; 15.232 ns       ; b[4]  ; t[4] ;
; N/A   ; None              ; 15.231 ns       ; a[0]  ; t[3] ;
; N/A   ; None              ; 15.223 ns       ; a[0]  ; t[1] ;
; N/A   ; None              ; 15.191 ns       ; b[0]  ; t[7] ;
; N/A   ; None              ; 15.182 ns       ; b[1]  ; t[7] ;
; N/A   ; None              ; 15.138 ns       ; b[6]  ; t[7] ;
; N/A   ; None              ; 15.129 ns       ; a[1]  ; t[7] ;
; N/A   ; None              ; 15.099 ns       ; a[2]  ; t[7] ;
; N/A   ; None              ; 15.053 ns       ; b[2]  ; t[4] ;
; N/A   ; None              ; 15.011 ns       ; a[4]  ; t[5] ;
; N/A   ; None              ; 14.851 ns       ; b[0]  ; t[4] ;
; N/A   ; None              ; 14.842 ns       ; b[1]  ; t[4] ;
; N/A   ; None              ; 14.824 ns       ; a[0]  ; t[5] ;
; N/A   ; None              ; 14.823 ns       ; a[4]  ; t[7] ;
; N/A   ; None              ; 14.789 ns       ; a[1]  ; t[4] ;
; N/A   ; None              ; 14.759 ns       ; a[2]  ; t[4] ;
; N/A   ; None              ; 14.753 ns       ; a[3]  ; t[6] ;
; N/A   ; None              ; 14.743 ns       ; a[6]  ; t[6] ;
; N/A   ; None              ; 14.636 ns       ; a[0]  ; t[7] ;
; N/A   ; None              ; 14.552 ns       ; au_en ; t[2] ;
; N/A   ; None              ; 14.502 ns       ; a[5]  ; t[6] ;
; N/A   ; None              ; 14.401 ns       ; ac[3] ; gf   ;
; N/A   ; None              ; 14.296 ns       ; a[0]  ; t[4] ;
; N/A   ; None              ; 14.287 ns       ; a[6]  ; t[7] ;
; N/A   ; None              ; 14.256 ns       ; au_en ; gf   ;
; N/A   ; None              ; 14.238 ns       ; a[7]  ; t[7] ;
; N/A   ; None              ; 14.107 ns       ; au_en ; t[1] ;
; N/A   ; None              ; 14.104 ns       ; a[3]  ; t[3] ;
; N/A   ; None              ; 14.090 ns       ; a[3]  ; t[5] ;
; N/A   ; None              ; 14.084 ns       ; a[4]  ; t[4] ;
; N/A   ; None              ; 14.077 ns       ; ac[1] ; gf   ;
; N/A   ; None              ; 14.071 ns       ; ac[0] ; gf   ;
; N/A   ; None              ; 14.030 ns       ; b[7]  ; t[7] ;
; N/A   ; None              ; 13.902 ns       ; a[3]  ; t[7] ;
; N/A   ; None              ; 13.743 ns       ; au_en ; t[3] ;
; N/A   ; None              ; 13.722 ns       ; au_en ; t[0] ;
; N/A   ; None              ; 13.663 ns       ; au_en ; t[6] ;
; N/A   ; None              ; 13.651 ns       ; a[5]  ; t[7] ;
; N/A   ; None              ; 13.562 ns       ; a[3]  ; t[4] ;
; N/A   ; None              ; 13.446 ns       ; a[5]  ; t[5] ;
; N/A   ; None              ; 13.312 ns       ; au_en ; t[7] ;
; N/A   ; None              ; 13.312 ns       ; au_en ; t[4] ;
; N/A   ; None              ; 13.311 ns       ; au_en ; t[5] ;
+-------+-------------------+-----------------+-------+------+


+--------------------------+
; Timing Analyzer Messages ;
+--------------------------+
Info: *******************************************************************
Info: Running Quartus II Classic Timing Analyzer
    Info: Version 9.0 Build 184 04/29/2009 Service Pack 1 SJ Web Edition
    Info: Processing started: Mon Nov 25 22:32:31 2024
Info: Command: quartus_tan --read_settings_files=off --write_settings_files=off au -c au --timing_analysis_only
Info: Longest tpd from source pin "ac[2]" to destination pin "t[2]" is 19.126 ns
    Info: 1: + IC(0.000 ns) + CELL(0.944 ns) = 0.944 ns; Loc. = PIN_139; Fanout = 3; PIN Node = 'ac[2]'
    Info: 2: + IC(6.851 ns) + CELL(0.487 ns) = 8.282 ns; Loc. = LCCOMB_X24_Y12_N28; Fanout = 9; COMB Node = 'Equal0~1'
    Info: 3: + IC(1.130 ns) + CELL(0.206 ns) = 9.618 ns; Loc. = LCCOMB_X21_Y12_N0; Fanout = 2; COMB Node = 'Add0~1'
    Info: 4: + IC(0.681 ns) + CELL(0.621 ns) = 10.920 ns; Loc. = LCCOMB_X22_Y12_N6; Fanout = 2; COMB Node = 'Add0~5'
    Info: 5: + IC(0.000 ns) + CELL(0.086 ns) = 11.006 ns; Loc. = LCCOMB_X22_Y12_N8; Fanout = 2; COMB Node = 'Add0~9'
    Info: 6: + IC(0.000 ns) + CELL(0.506 ns) = 11.512 ns; Loc. = LCCOMB_X22_Y12_N10; Fanout = 1; COMB Node = 'Add0~12'
    Info: 7: + IC(0.392 ns) + CELL(0.650 ns) = 12.554 ns; Loc. = LCCOMB_X22_Y12_N26; Fanout = 1; COMB Node = 'Add0~14'
    Info: 8: + IC(3.516 ns) + CELL(3.056 ns) = 19.126 ns; Loc. = PIN_8; Fanout = 0; PIN Node = 't[2]'
    Info: Total cell delay = 6.556 ns ( 34.28 % )
    Info: Total interconnect delay = 12.570 ns ( 65.72 % )
Info: Quartus II Classic Timing Analyzer was successful. 0 errors, 0 warnings
    Info: Peak virtual memory: 196 megabytes
    Info: Processing ended: Mon Nov 25 22:32:31 2024
    Info: Elapsed time: 00:00:00
    Info: Total CPU time (on all processors): 00:00:00


