Classic Timing Analyzer report for ins_decode
Mon Nov 25 21:37:04 2024
Quartus II Version 9.0 Build 184 04/29/2009 Service Pack 1 SJ Web Edition


---------------------
; Table of Contents ;
---------------------
  1. Legal Notice
  2. Timing Analyzer Summary
  3. Timing Analyzer Settings
  4. Parallel Compilation
  5. tpd
  6. Timing Analyzer Messages



----------------
; Legal Notice ;
----------------
Copyright (C) 1991-2009 Altera Corporation
Your use of Altera Corporation's design tools, logic functions 
and other software and tools, and its AMPP partner logic 
functions, and any output files from any of the foregoing 
(including device programming or simulation files), and any 
associated documentation or information are expressly subject 
to the terms and conditions of the Altera Program License 
Subscription Agreement, Altera MegaCore Function License 
Agreement, or other applicable license agreement, including, 
without limitation, that your use is for the sole purpose of 
programming logic devices manufactured by Altera and sold by 
Altera or its authorized distributors.  Please refer to the 
applicable agreement for further details.



+-------------------------------------------------------------------------------------------------------------------------+
; Timing Analyzer Summary                                                                                                 ;
+------------------------------+-------+---------------+-------------+-------+-----+------------+----------+--------------+
; Type                         ; Slack ; Required Time ; Actual Time ; From  ; To  ; From Clock ; To Clock ; Failed Paths ;
+------------------------------+-------+---------------+-------------+-------+-----+------------+----------+--------------+
; Worst-case tpd               ; N/A   ; None          ; 13.624 ns   ; ir[1] ; jmp ; --         ; --       ; 0            ;
; Total number of failed paths ;       ;               ;             ;       ;     ;            ;          ; 0            ;
+------------------------------+-------+---------------+-------------+-------+-----+------------+----------+--------------+


+--------------------------------------------------------------------------------------------------------------------+
; Timing Analyzer Settings                                                                                           ;
+---------------------------------------------------------------------+--------------------+------+----+-------------+
; Option                                                              ; Setting            ; From ; To ; Entity Name ;
+---------------------------------------------------------------------+--------------------+------+----+-------------+
; Device Name                                                         ; EP2C5T144C8        ;      ;    ;             ;
; Timing Models                                                       ; Final              ;      ;    ;             ;
; Default hold multicycle                                             ; Same as Multicycle ;      ;    ;             ;
; Cut paths between unrelated clock domains                           ; On                 ;      ;    ;             ;
; Cut off read during write signal paths                              ; On                 ;      ;    ;             ;
; Cut off feedback from I/O pins                                      ; On                 ;      ;    ;             ;
; Report Combined Fast/Slow Timing                                    ; Off                ;      ;    ;             ;
; Ignore Clock Settings                                               ; Off                ;      ;    ;             ;
; Analyze latches as synchronous elements                             ; On                 ;      ;    ;             ;
; Enable Recovery/Removal analysis                                    ; Off                ;      ;    ;             ;
; Enable Clock Latency                                                ; Off                ;      ;    ;             ;
; Use TimeQuest Timing Analyzer                                       ; Off                ;      ;    ;             ;
; Minimum Core Junction Temperature                                   ; 0                  ;      ;    ;             ;
; Maximum Core Junction Temperature                                   ; 85                 ;      ;    ;             ;
; Number of source nodes to report per destination node               ; 10                 ;      ;    ;             ;
; Number of destination nodes to report                               ; 10                 ;      ;    ;             ;
; Number of paths to report                                           ; 200                ;      ;    ;             ;
; Report Minimum Timing Checks                                        ; Off                ;      ;    ;             ;
; Use Fast Timing Models                                              ; Off                ;      ;    ;             ;
; Report IO Paths Separately                                          ; Off                ;      ;    ;             ;
; Perform Multicorner Analysis                                        ; On                 ;      ;    ;             ;
; Reports the worst-case path for each clock domain and analysis      ; Off                ;      ;    ;             ;
; Removes common clock path pessimism (CCPP) during slack computation ; Off                ;      ;    ;             ;
; Output I/O Timing Endpoint                                          ; Near End           ;      ;    ;             ;
+---------------------------------------------------------------------+--------------------+------+----+-------------+


Parallel compilation was disabled, but you have multiple processors available. Enable parallel compilation to reduce compilation time.
+-------------------------------------+
; Parallel Compilation                ;
+----------------------------+--------+
; Processors                 ; Number ;
+----------------------------+--------+
; Number detected on machine ; 16     ;
; Maximum allowed            ; 1      ;
+----------------------------+--------+


+------------------------------------------------------------+
; tpd                                                        ;
+-------+-------------------+-----------------+-------+------+
; Slack ; Required P2P Time ; Actual P2P Time ; From  ; To   ;
+-------+-------------------+-----------------+-------+------+
; N/A   ; None              ; 13.624 ns       ; ir[1] ; jmp  ;
; N/A   ; None              ; 13.596 ns       ; en    ; jmp  ;
; N/A   ; None              ; 13.561 ns       ; ir[3] ; jmp  ;
; N/A   ; None              ; 13.523 ns       ; en    ; in1  ;
; N/A   ; None              ; 13.518 ns       ; en    ; movi ;
; N/A   ; None              ; 13.514 ns       ; ir[1] ; movi ;
; N/A   ; None              ; 13.443 ns       ; en    ; mova ;
; N/A   ; None              ; 13.429 ns       ; ir[3] ; movi ;
; N/A   ; None              ; 13.424 ns       ; ir[3] ; in1  ;
; N/A   ; None              ; 13.407 ns       ; ir[1] ; in1  ;
; N/A   ; None              ; 13.404 ns       ; en    ; halt ;
; N/A   ; None              ; 13.337 ns       ; ir[1] ; mova ;
; N/A   ; None              ; 13.289 ns       ; ir[0] ; jmp  ;
; N/A   ; None              ; 13.274 ns       ; ir[3] ; mova ;
; N/A   ; None              ; 13.260 ns       ; ir[3] ; sub  ;
; N/A   ; None              ; 13.229 ns       ; ir[0] ; movi ;
; N/A   ; None              ; 13.228 ns       ; ir[0] ; in1  ;
; N/A   ; None              ; 13.226 ns       ; ir[1] ; sub  ;
; N/A   ; None              ; 13.179 ns       ; ir[1] ; movb ;
; N/A   ; None              ; 13.158 ns       ; ir[0] ; mova ;
; N/A   ; None              ; 13.154 ns       ; ir[1] ; halt ;
; N/A   ; None              ; 13.154 ns       ; en    ; movb ;
; N/A   ; None              ; 13.153 ns       ; en    ; sub  ;
; N/A   ; None              ; 13.142 ns       ; ir[2] ; jmp  ;
; N/A   ; None              ; 13.135 ns       ; ir[3] ; movb ;
; N/A   ; None              ; 13.116 ns       ; ir[1] ; movd ;
; N/A   ; None              ; 13.108 ns       ; en    ; movd ;
; N/A   ; None              ; 13.087 ns       ; ir[2] ; movi ;
; N/A   ; None              ; 13.086 ns       ; ir[2] ; in1  ;
; N/A   ; None              ; 13.080 ns       ; ir[3] ; halt ;
; N/A   ; None              ; 13.017 ns       ; ir[2] ; mova ;
; N/A   ; None              ; 13.001 ns       ; ir[0] ; sub  ;
; N/A   ; None              ; 12.985 ns       ; ir[0] ; movb ;
; N/A   ; None              ; 12.967 ns       ; ir[3] ; movd ;
; N/A   ; None              ; 12.857 ns       ; ir[0] ; halt ;
; N/A   ; None              ; 12.856 ns       ; ir[2] ; sub  ;
; N/A   ; None              ; 12.843 ns       ; ir[2] ; movb ;
; N/A   ; None              ; 12.815 ns       ; ir[0] ; movd ;
; N/A   ; None              ; 12.766 ns       ; en    ; add  ;
; N/A   ; None              ; 12.715 ns       ; ir[2] ; halt ;
; N/A   ; None              ; 12.709 ns       ; en    ; jg   ;
; N/A   ; None              ; 12.687 ns       ; ir[3] ; add  ;
; N/A   ; None              ; 12.673 ns       ; ir[2] ; movd ;
; N/A   ; None              ; 12.648 ns       ; ir[1] ; add  ;
; N/A   ; None              ; 12.494 ns       ; ir[1] ; jg   ;
; N/A   ; None              ; 12.479 ns       ; en    ; out1 ;
; N/A   ; None              ; 12.429 ns       ; ir[3] ; jg   ;
; N/A   ; None              ; 12.426 ns       ; ir[0] ; add  ;
; N/A   ; None              ; 12.365 ns       ; en    ; movc ;
; N/A   ; None              ; 12.280 ns       ; ir[2] ; add  ;
; N/A   ; None              ; 12.240 ns       ; ir[1] ; movc ;
; N/A   ; None              ; 12.150 ns       ; ir[3] ; out1 ;
; N/A   ; None              ; 12.148 ns       ; ir[0] ; jg   ;
; N/A   ; None              ; 12.118 ns       ; ir[1] ; out1 ;
; N/A   ; None              ; 12.092 ns       ; ir[3] ; movc ;
; N/A   ; None              ; 12.002 ns       ; ir[2] ; jg   ;
; N/A   ; None              ; 11.945 ns       ; ir[0] ; movc ;
; N/A   ; None              ; 11.932 ns       ; ir[0] ; out1 ;
; N/A   ; None              ; 11.802 ns       ; ir[2] ; movc ;
; N/A   ; None              ; 11.791 ns       ; ir[2] ; out1 ;
+-------+-------------------+-----------------+-------+------+


+--------------------------+
; Timing Analyzer Messages ;
+--------------------------+
Info: *******************************************************************
Info: Running Quartus II Classic Timing Analyzer
    Info: Version 9.0 Build 184 04/29/2009 Service Pack 1 SJ Web Edition
    Info: Processing started: Mon Nov 25 21:37:04 2024
Info: Command: quartus_tan --read_settings_files=off --write_settings_files=off ins_decode -c ins_decode --timing_analysis_only
Info: Longest tpd from source pin "ir[1]" to destination pin "jmp" is 13.624 ns
    Info: 1: + IC(0.000 ns) + CELL(0.954 ns) = 0.954 ns; Loc. = PIN_44; Fanout = 12; PIN Node = 'ir[1]'
    Info: 2: + IC(5.889 ns) + CELL(0.646 ns) = 7.489 ns; Loc. = LCCOMB_X3_Y2_N6; Fanout = 1; COMB Node = 'Decoder0~6'
    Info: 3: + IC(0.994 ns) + CELL(0.206 ns) = 8.689 ns; Loc. = LCCOMB_X7_Y2_N10; Fanout = 1; COMB Node = 'jmp~1'
    Info: 4: + IC(1.869 ns) + CELL(3.066 ns) = 13.624 ns; Loc. = PIN_26; Fanout = 0; PIN Node = 'jmp'
    Info: Total cell delay = 4.872 ns ( 35.76 % )
    Info: Total interconnect delay = 8.752 ns ( 64.24 % )
Info: Quartus II Classic Timing Analyzer was successful. 0 errors, 0 warnings
    Info: Peak virtual memory: 195 megabytes
    Info: Processing ended: Mon Nov 25 21:37:04 2024
    Info: Elapsed time: 00:00:00
    Info: Total CPU time (on all processors): 00:00:00


