Flow report for myComputer
Sat Dec 21 16:49:38 2024
Quartus II Version 9.0 Build 184 04/29/2009 Service Pack 1 SJ Web Edition


---------------------
; Table of Contents ;
---------------------
  1. Legal Notice
  2. Flow Summary
  3. Flow Settings
  4. Flow Non-Default Global Settings
  5. Flow Elapsed Time
  6. Flow OS Summary
  7. Flow Log



----------------
; Legal Notice ;
----------------
Copyright (C) 1991-2009 Altera Corporation
Your use of Altera Corporation's design tools, logic functions 
and other software and tools, and its AMPP partner logic 
functions, and any output files from any of the foregoing 
(including device programming or simulation files), and any 
associated documentation or information are expressly subject 
to the terms and conditions of the Altera Program License 
Subscription Agreement, Altera MegaCore Function License 
Agreement, or other applicable license agreement, including, 
without limitation, that your use is for the sole purpose of 
programming logic devices manufactured by Altera and sold by 
Altera or its authorized distributors.  Please refer to the 
applicable agreement for further details.



+-----------------------------------------------------------------------------------+
; Flow Summary                                                                      ;
+------------------------------------+----------------------------------------------+
; Flow Status                        ; Successful - Sat Dec 21 16:49:38 2024        ;
; Quartus II Version                 ; 9.0 Build 184 04/29/2009 SP 1 SJ Web Edition ;
; Revision Name                      ; myComputer                                   ;
; Top-level Entity Name              ; myComputer                                   ;
; Family                             ; Cyclone II                                   ;
; Device                             ; EP2C5T144C8                                  ;
; Timing Models                      ; Final                                        ;
; Met timing requirements            ; Yes                                          ;
; Total logic elements               ; 181 / 4,608 ( 4 % )                          ;
;     Total combinational functions  ; 178 / 4,608 ( 4 % )                          ;
;     Dedicated logic registers      ; 53 / 4,608 ( 1 % )                           ;
; Total registers                    ; 53                                           ;
; Total pins                         ; 33 / 89 ( 37 % )                             ;
; Total virtual pins                 ; 0                                            ;
; Total memory bits                  ; 2,048 / 119,808 ( 2 % )                      ;
; Embedded Multiplier 9-bit elements ; 0 / 26 ( 0 % )                               ;
; Total PLLs                         ; 0 / 2 ( 0 % )                                ;
+------------------------------------+----------------------------------------------+


+-----------------------------------------+
; Flow Settings                           ;
+-------------------+---------------------+
; Option            ; Setting             ;
+-------------------+---------------------+
; Start date & time ; 12/21/2024 16:49:25 ;
; Main task         ; Compilation         ;
; Revision Name     ; myComputer          ;
+-------------------+---------------------+


+---------------------------------------------------------------------------------------------------------------------------------+
; Flow Non-Default Global Settings                                                                                                ;
+------------------------------------+---------------------------------------------+---------------+-------------+----------------+
; Assignment Name                    ; Value                                       ; Default Value ; Entity Name ; Section Id     ;
+------------------------------------+---------------------------------------------+---------------+-------------+----------------+
; COMPILER_SIGNATURE_ID              ; 273378273569972.173477096421628             ; --            ; --          ; --             ;
; EDA_OUTPUT_DATA_FORMAT             ; Verilog Hdl                                 ; --            ; --          ; eda_simulation ;
; EDA_SIMULATION_TOOL                ; ModelSim-Altera (Verilog)                   ; <None>        ; --          ; --             ;
; EDA_TIME_SCALE                     ; 1 ps                                        ; --            ; --          ; eda_simulation ;
; MAX_CORE_JUNCTION_TEMP             ; 85                                          ; --            ; --          ; --             ;
; MIN_CORE_JUNCTION_TEMP             ; 0                                           ; --            ; --          ; --             ;
; MISC_FILE                          ; E:/QuartusProject/myComputer/myComputer.dpf ; --            ; --          ; --             ;
; MISC_FILE                          ; D:/QuartusProject/myComputer/myComputer.dpf ; --            ; --          ; --             ;
; MISC_FILE                          ; E:/FPGA/myComputer/myComputer.dpf           ; --            ; --          ; --             ;
; OUTPUT_PIN_LOAD                    ; 10                                          ; --            ; --          ; 3.3-V LVTTL    ;
; PARTITION_COLOR                    ; 16764057                                    ; --            ; --          ; Top            ;
; PARTITION_NETLIST_TYPE             ; SOURCE                                      ; --            ; --          ; Top            ;
; USE_GENERATED_PHYSICAL_CONSTRAINTS ; Off                                         ; --            ; --          ; eda_blast_fpga ;
+------------------------------------+---------------------------------------------+---------------+-------------+----------------+


+-----------------------------------------------------------------------------------------------------------------------------+
; Flow Elapsed Time                                                                                                           ;
+-------------------------+--------------+-------------------------+---------------------+------------------------------------+
; Module Name             ; Elapsed Time ; Average Processors Used ; Peak Virtual Memory ; Total CPU Time (on all processors) ;
+-------------------------+--------------+-------------------------+---------------------+------------------------------------+
; Analysis & Synthesis    ; 00:00:05     ; 1.0                     ; 256 MB              ; 00:00:04                           ;
; Fitter                  ; 00:00:02     ; 1.0                     ; 276 MB              ; 00:00:02                           ;
; Assembler               ; 00:00:01     ; 1.0                     ; 212 MB              ; 00:00:01                           ;
; Classic Timing Analyzer ; 00:00:01     ; 1.0                     ; 191 MB              ; 00:00:00                           ;
; EDA Netlist Writer      ; 00:00:01     ; 1.0                     ; 171 MB              ; 00:00:01                           ;
; Total                   ; 00:00:10     ; --                      ; --                  ; 00:00:08                           ;
+-------------------------+--------------+-------------------------+---------------------+------------------------------------+


+------------------------------------------------------------------------------------------+
; Flow OS Summary                                                                          ;
+-------------------------+------------------+---------------+------------+----------------+
; Module Name             ; Machine Hostname ; OS Name       ; OS Version ; Processor type ;
+-------------------------+------------------+---------------+------------+----------------+
; Analysis & Synthesis    ; LAPTOP-RPDHMME4  ; Windows Vista ; 6.2        ; x86_64         ;
; Fitter                  ; LAPTOP-RPDHMME4  ; Windows Vista ; 6.2        ; x86_64         ;
; Assembler               ; LAPTOP-RPDHMME4  ; Windows Vista ; 6.2        ; x86_64         ;
; Classic Timing Analyzer ; LAPTOP-RPDHMME4  ; Windows Vista ; 6.2        ; x86_64         ;
; EDA Netlist Writer      ; LAPTOP-RPDHMME4  ; Windows Vista ; 6.2        ; x86_64         ;
+-------------------------+------------------+---------------+------------+----------------+


------------
; Flow Log ;
------------
quartus_map --read_settings_files=on --write_settings_files=off myComputer -c myComputer
quartus_fit --read_settings_files=off --write_settings_files=off myComputer -c myComputer
quartus_asm --read_settings_files=off --write_settings_files=off myComputer -c myComputer
quartus_tan --read_settings_files=off --write_settings_files=off myComputer -c myComputer --timing_analysis_only
quartus_eda --read_settings_files=off --write_settings_files=off myComputer -c myComputer



